-- Found ament_cmake: 0.7.3 (/opt/ros/dashing/share/ament_cmake/cmake)
-- Found PythonInterp: /usr/bin/python3 (found suitable version "3.6.8", minimum required is "3") 
-- Using PYTHON_EXECUTABLE: /usr/bin/python3
-- Found rclpy: 0.7.8 (/opt/ros/dashing/share/rclpy/cmake)
-- Found sensor_msgs: 0.7.0 (/opt/ros/dashing/share/sensor_msgs/cmake)
-- Found rosidl_adapter: 0.7.7 (/opt/ros/dashing/share/rosidl_adapter/cmake)
-- Found rosidl_default_generators: 0.7.0 (/opt/ros/dashing/share/rosidl_default_generators/cmake)
-- Found PythonInterp: /usr/bin/python3 (found version "3.6.8") 
-- Using single matching rosidl_typesupport_c: rosidl_typesupport_fastrtps_c
-- Using single matching rosidl_typesupport_cpp: rosidl_typesupport_fastrtps_cpp
-- Found rmw_implementation_cmake: 0.7.2 (/opt/ros/dashing/share/rmw_implementation_cmake/cmake)
-- Found PythonInterp: /usr/bin/python3 (found suitable version "3.6.8", minimum required is "3.5") 
-- Found python_cmake_module: 0.7.9 (/opt/ros/dashing/share/python_cmake_module/cmake)
-- Found PythonLibs: /usr/lib/x86_64-linux-gnu/libpython3.6m.so (found suitable version "3.6.8", minimum required is "3.5") 
-- Using PYTHON_EXECUTABLE: /usr/bin/python3
-- Using PYTHON_INCLUDE_DIRS: /usr/include/python3.6m
-- Using PYTHON_LIBRARIES: /usr/lib/x86_64-linux-gnu/libpython3.6m.so
-- Found PythonExtra: .so  
-- Found ament_lint_auto: 0.7.11 (/opt/ros/dashing/share/ament_lint_auto/cmake)
-- Configuring done
-- Generating done
-- Build files have been written to: /home/caelin/Github/jetson_car/jetsoncar_ros2_ws/build/bno055
[  3%] [34m[1mGenerating C code for ROS interfaces[0m
[35m[1mScanning dependencies of target new_msg__cpp[0m
[  6%] [34m[1mGenerating C++ code for ROS interfaces[0m
[  6%] Built target new_msg__cpp
[35m[1mScanning dependencies of target new_msg__rosidl_generator_c[0m
[ 10%] [34m[1mGenerating C++ type support for eProsima Fast-RTPS[0m
[ 13%] [34m[1mGenerating C++ introspection for ROS interfaces[0m
[ 17%] [32mBuilding C object CMakeFiles/new_msg__rosidl_generator_c.dir/rosidl_generator_c/bno055/msg/bno055__functions.c.o[0m
CMakeFiles/new_msg__rosidl_generator_c.dir/build.make:93: recipe for target 'CMakeFiles/new_msg__rosidl_generator_c.dir/rosidl_generator_c/bno055/msg/bno055__functions.c.o' failed
CMakeFiles/Makefile2:170: recipe for target 'CMakeFiles/new_msg__rosidl_generator_c.dir/all' failed
[35m[1mScanning dependencies of target new_msg__rosidl_typesupport_introspection_cpp[0m
[ 20%] [32mBuilding CXX object CMakeFiles/new_msg__rosidl_typesupport_introspection_cpp.dir/rosidl_typesupport_introspection_cpp/bno055/msg/bno055__type_support.cpp.o[0m
[35m[1mScanning dependencies of target new_msg__rosidl_typesupport_fastrtps_cpp[0m
[ 24%] [32mBuilding CXX object CMakeFiles/new_msg__rosidl_typesupport_fastrtps_cpp.dir/rosidl_typesupport_fastrtps_cpp/bno055/msg/dds_fastrtps/bno055__type_support.cpp.o[0m
CMakeFiles/new_msg__rosidl_typesupport_introspection_cpp.dir/build.make:79: recipe for target 'CMakeFiles/new_msg__rosidl_typesupport_introspection_cpp.dir/rosidl_typesupport_introspection_cpp/bno055/msg/bno055__type_support.cpp.o' failed
CMakeFiles/Makefile2:207: recipe for target 'CMakeFiles/new_msg__rosidl_typesupport_introspection_cpp.dir/all' failed
CMakeFiles/new_msg__rosidl_typesupport_fastrtps_cpp.dir/build.make:79: recipe for target 'CMakeFiles/new_msg__rosidl_typesupport_fastrtps_cpp.dir/rosidl_typesupport_fastrtps_cpp/bno055/msg/dds_fastrtps/bno055__type_support.cpp.o' failed
CMakeFiles/Makefile2:407: recipe for target 'CMakeFiles/new_msg__rosidl_typesupport_fastrtps_cpp.dir/all' failed
Makefile:140: recipe for target 'all' failed
