Invoking command in '/home/caelin/Github/jetson_car/jetsoncar_ros2_ws/build/bno055': CMAKE_PREFIX_PATH=/opt/ros/dashing /usr/bin/cmake /home/caelin/Github/jetson_car/jetsoncar_ros2_ws/src/bno055 -DCMAKE_INSTALL_PREFIX=/home/caelin/Github/jetson_car/jetsoncar_ros2_ws/install/bno055
-- The C compiler identification is GNU 7.4.0
-- The CXX compiler identification is GNU 7.4.0
-- Check for working C compiler: /usr/bin/cc
-- Check for working C compiler: /usr/bin/cc -- works
-- Detecting C compiler ABI info
-- Detecting C compiler ABI info - done
-- Detecting C compile features
-- Detecting C compile features - done
-- Check for working CXX compiler: /usr/bin/c++
-- Check for working CXX compiler: /usr/bin/c++ -- works
-- Detecting CXX compiler ABI info
-- Detecting CXX compiler ABI info - done
-- Detecting CXX compile features
-- Detecting CXX compile features - done
-- Found ament_cmake: 0.7.3 (/opt/ros/dashing/share/ament_cmake/cmake)
-- Found PythonInterp: /usr/bin/python3 (found suitable version "3.6.8", minimum required is "3") 
-- Using PYTHON_EXECUTABLE: /usr/bin/python3
-- Found rclpy: 0.7.8 (/opt/ros/dashing/share/rclpy/cmake)
-- Found sensor_msgs: 0.7.0 (/opt/ros/dashing/share/sensor_msgs/cmake)
-- Found rosidl_adapter: 0.7.7 (/opt/ros/dashing/share/rosidl_adapter/cmake)
CMake Error at CMakeLists.txt:24 (find_package):
  By not providing "Findmessage_generation.cmake" in CMAKE_MODULE_PATH this
  project has asked CMake to find a package configuration file provided by
  "message_generation", but CMake did not find one.

  Could not find a package configuration file provided by
  "message_generation" with any of the following names:

    message_generationConfig.cmake
    message_generation-config.cmake

  Add the installation prefix of "message_generation" to CMAKE_PREFIX_PATH or
  set "message_generation_DIR" to a directory containing one of the above
  files.  If "message_generation" provides a separate development package or
  SDK, be sure it has been installed.


-- Configuring incomplete, errors occurred!
See also "/home/caelin/Github/jetson_car/jetsoncar_ros2_ws/build/bno055/CMakeFiles/CMakeOutput.log".
Invoked command in '/home/caelin/Github/jetson_car/jetsoncar_ros2_ws/build/bno055' returned '1': CMAKE_PREFIX_PATH=/opt/ros/dashing /usr/bin/cmake /home/caelin/Github/jetson_car/jetsoncar_ros2_ws/src/bno055 -DCMAKE_INSTALL_PREFIX=/home/caelin/Github/jetson_car/jetsoncar_ros2_ws/install/bno055
