[0.221s] DEBUG:colcon:Command line arguments: ['/usr/bin/colcon', 'build']
[0.221s] DEBUG:colcon:Parsed command line arguments: Namespace(ament_cmake_args=None, base_paths='.', build_base='build', catkin_cmake_args=None, catkin_skip_building_tests=False, cmake_args=None, cmake_clean_cache=False, cmake_clean_first=False, cmake_force_configure=False, cmake_target=None, cmake_target_skip_unavailable=False, continue_on_error=False, event_handlers=None, executor='parallel', ignore_user_meta=False, install_base='install', log_base=None, log_level=None, main=<bound method BuildVerb.main of <colcon_core.verb.build.BuildVerb object at 0x7f60df462dd8>>, merge_install=False, metas='./colcon.meta', packages_above=None, packages_above_depth=None, packages_end=None, packages_ignore=None, packages_ignore_regex=None, packages_select=None, packages_select_build_failed=False, packages_select_by_dep=None, packages_select_regex=None, packages_select_test_failures=False, packages_skip=None, packages_skip_build_finished=False, packages_skip_by_dep=None, packages_skip_regex=None, packages_skip_test_passed=False, packages_skip_up_to=None, packages_start=None, packages_up_to=None, parallel_workers=4, paths=None, symlink_install=False, test_result_base=None, verb_extension=<colcon_core.verb.build.BuildVerb object at 0x7f60df462dd8>, verb_name='build', verb_parser=<colcon_defaults.argument_parser.defaults.DefaultArgumentsDecorator object at 0x7f60df46b3c8>)
[0.287s] Level 1:colcon.colcon_core.package_discovery:discover_packages(colcon_meta) check parameters
[0.288s] Level 1:colcon.colcon_core.package_discovery:discover_packages(recursive) check parameters
[0.288s] Level 1:colcon.colcon_core.package_discovery:discover_packages(ignore) check parameters
[0.288s] Level 1:colcon.colcon_core.package_discovery:discover_packages(path) check parameters
[0.288s] Level 1:colcon.colcon_core.package_discovery:discover_packages(recursive) discover
[0.288s] INFO:colcon.colcon_core.package_discovery:Crawling recursively for packages in '/home/caelin/Github/jetson_car/jetsoncar_ros2_ws'
[0.288s] Level 1:colcon.colcon_core.package_identification:_identify(/home/caelin/Github/jetson_car/jetsoncar_ros2_ws) by extensions ['ignore', 'ignore_ament_install']
[0.289s] Level 1:colcon.colcon_core.package_identification:_identify(/home/caelin/Github/jetson_car/jetsoncar_ros2_ws) by extension 'ignore'
[0.289s] Level 1:colcon.colcon_core.package_identification:_identify(/home/caelin/Github/jetson_car/jetsoncar_ros2_ws) by extension 'ignore_ament_install'
[0.289s] Level 1:colcon.colcon_core.package_identification:_identify(/home/caelin/Github/jetson_car/jetsoncar_ros2_ws) by extensions ['colcon_pkg']
[0.289s] Level 1:colcon.colcon_core.package_identification:_identify(/home/caelin/Github/jetson_car/jetsoncar_ros2_ws) by extension 'colcon_pkg'
[0.289s] Level 1:colcon.colcon_core.package_identification:_identify(/home/caelin/Github/jetson_car/jetsoncar_ros2_ws) by extensions ['colcon_meta']
[0.289s] Level 1:colcon.colcon_core.package_identification:_identify(/home/caelin/Github/jetson_car/jetsoncar_ros2_ws) by extension 'colcon_meta'
[0.289s] Level 1:colcon.colcon_core.package_identification:_identify(/home/caelin/Github/jetson_car/jetsoncar_ros2_ws) by extensions ['ros']
[0.289s] Level 1:colcon.colcon_core.package_identification:_identify(/home/caelin/Github/jetson_car/jetsoncar_ros2_ws) by extension 'ros'
[0.308s] Level 1:colcon.colcon_core.package_identification:_identify(/home/caelin/Github/jetson_car/jetsoncar_ros2_ws) by extensions ['cmake', 'python']
[0.309s] Level 1:colcon.colcon_core.package_identification:_identify(/home/caelin/Github/jetson_car/jetsoncar_ros2_ws) by extension 'cmake'
[0.309s] Level 1:colcon.colcon_core.package_identification:_identify(/home/caelin/Github/jetson_car/jetsoncar_ros2_ws) by extension 'python'
[0.309s] Level 1:colcon.colcon_core.package_identification:_identify(/home/caelin/Github/jetson_car/jetsoncar_ros2_ws) by extensions ['python_setup_py']
[0.309s] Level 1:colcon.colcon_core.package_identification:_identify(/home/caelin/Github/jetson_car/jetsoncar_ros2_ws) by extension 'python_setup_py'
[0.310s] Level 1:colcon.colcon_core.package_identification:_identify(/home/caelin/Github/jetson_car/jetsoncar_ros2_ws/build) by extensions ['ignore', 'ignore_ament_install']
[0.311s] Level 1:colcon.colcon_core.package_identification:_identify(/home/caelin/Github/jetson_car/jetsoncar_ros2_ws/build) by extension 'ignore'
[0.311s] Level 1:colcon.colcon_core.package_identification:_identify(/home/caelin/Github/jetson_car/jetsoncar_ros2_ws/build) ignored
[0.314s] Level 1:colcon.colcon_core.package_identification:_identify(/home/caelin/Github/jetson_car/jetsoncar_ros2_ws/install) by extensions ['ignore', 'ignore_ament_install']
[0.314s] Level 1:colcon.colcon_core.package_identification:_identify(/home/caelin/Github/jetson_car/jetsoncar_ros2_ws/install) by extension 'ignore'
[0.314s] Level 1:colcon.colcon_core.package_identification:_identify(/home/caelin/Github/jetson_car/jetsoncar_ros2_ws/install) ignored
[0.315s] Level 1:colcon.colcon_core.package_identification:_identify(/home/caelin/Github/jetson_car/jetsoncar_ros2_ws/log) by extensions ['ignore', 'ignore_ament_install']
[0.315s] Level 1:colcon.colcon_core.package_identification:_identify(/home/caelin/Github/jetson_car/jetsoncar_ros2_ws/log) by extension 'ignore'
[0.315s] Level 1:colcon.colcon_core.package_identification:_identify(/home/caelin/Github/jetson_car/jetsoncar_ros2_ws/log) ignored
[0.315s] Level 1:colcon.colcon_core.package_identification:_identify(/home/caelin/Github/jetson_car/jetsoncar_ros2_ws/src) by extensions ['ignore', 'ignore_ament_install']
[0.316s] Level 1:colcon.colcon_core.package_identification:_identify(/home/caelin/Github/jetson_car/jetsoncar_ros2_ws/src) by extension 'ignore'
[0.316s] Level 1:colcon.colcon_core.package_identification:_identify(/home/caelin/Github/jetson_car/jetsoncar_ros2_ws/src) by extension 'ignore_ament_install'
[0.316s] Level 1:colcon.colcon_core.package_identification:_identify(/home/caelin/Github/jetson_car/jetsoncar_ros2_ws/src) by extensions ['colcon_pkg']
[0.316s] Level 1:colcon.colcon_core.package_identification:_identify(/home/caelin/Github/jetson_car/jetsoncar_ros2_ws/src) by extension 'colcon_pkg'
[0.316s] Level 1:colcon.colcon_core.package_identification:_identify(/home/caelin/Github/jetson_car/jetsoncar_ros2_ws/src) by extensions ['colcon_meta']
[0.316s] Level 1:colcon.colcon_core.package_identification:_identify(/home/caelin/Github/jetson_car/jetsoncar_ros2_ws/src) by extension 'colcon_meta'
[0.316s] Level 1:colcon.colcon_core.package_identification:_identify(/home/caelin/Github/jetson_car/jetsoncar_ros2_ws/src) by extensions ['ros']
[0.316s] Level 1:colcon.colcon_core.package_identification:_identify(/home/caelin/Github/jetson_car/jetsoncar_ros2_ws/src) by extension 'ros'
[0.316s] Level 1:colcon.colcon_core.package_identification:_identify(/home/caelin/Github/jetson_car/jetsoncar_ros2_ws/src) by extensions ['cmake', 'python']
[0.316s] Level 1:colcon.colcon_core.package_identification:_identify(/home/caelin/Github/jetson_car/jetsoncar_ros2_ws/src) by extension 'cmake'
[0.316s] Level 1:colcon.colcon_core.package_identification:_identify(/home/caelin/Github/jetson_car/jetsoncar_ros2_ws/src) by extension 'python'
[0.316s] Level 1:colcon.colcon_core.package_identification:_identify(/home/caelin/Github/jetson_car/jetsoncar_ros2_ws/src) by extensions ['python_setup_py']
[0.316s] Level 1:colcon.colcon_core.package_identification:_identify(/home/caelin/Github/jetson_car/jetsoncar_ros2_ws/src) by extension 'python_setup_py'
[0.316s] Level 1:colcon.colcon_core.package_identification:_identify(/home/caelin/Github/jetson_car/jetsoncar_ros2_ws/src/bno055) by extensions ['ignore', 'ignore_ament_install']
[0.317s] Level 1:colcon.colcon_core.package_identification:_identify(/home/caelin/Github/jetson_car/jetsoncar_ros2_ws/src/bno055) by extension 'ignore'
[0.317s] Level 1:colcon.colcon_core.package_identification:_identify(/home/caelin/Github/jetson_car/jetsoncar_ros2_ws/src/bno055) by extension 'ignore_ament_install'
[0.317s] Level 1:colcon.colcon_core.package_identification:_identify(/home/caelin/Github/jetson_car/jetsoncar_ros2_ws/src/bno055) by extensions ['colcon_pkg']
[0.317s] Level 1:colcon.colcon_core.package_identification:_identify(/home/caelin/Github/jetson_car/jetsoncar_ros2_ws/src/bno055) by extension 'colcon_pkg'
[0.317s] Level 1:colcon.colcon_core.package_identification:_identify(/home/caelin/Github/jetson_car/jetsoncar_ros2_ws/src/bno055) by extensions ['colcon_meta']
[0.317s] Level 1:colcon.colcon_core.package_identification:_identify(/home/caelin/Github/jetson_car/jetsoncar_ros2_ws/src/bno055) by extension 'colcon_meta'
[0.317s] Level 1:colcon.colcon_core.package_identification:_identify(/home/caelin/Github/jetson_car/jetsoncar_ros2_ws/src/bno055) by extensions ['ros']
[0.317s] Level 1:colcon.colcon_core.package_identification:_identify(/home/caelin/Github/jetson_car/jetsoncar_ros2_ws/src/bno055) by extension 'ros'
[0.321s] DEBUG:colcon.colcon_core.package_identification:Package '/home/caelin/Github/jetson_car/jetsoncar_ros2_ws/src/bno055' with type 'ros.ament_cmake' and name 'bno055'
[0.321s] Level 1:colcon.colcon_core.package_discovery:discover_packages(recursive) using defaults
[0.331s] Level 5:colcon.colcon_core.verb:set package 'bno055' build argument 'cmake_args' from command line to 'None'
[0.331s] Level 5:colcon.colcon_core.verb:set package 'bno055' build argument 'cmake_target' from command line to 'None'
[0.332s] Level 5:colcon.colcon_core.verb:set package 'bno055' build argument 'cmake_target_skip_unavailable' from command line to 'False'
[0.332s] Level 5:colcon.colcon_core.verb:set package 'bno055' build argument 'cmake_clean_cache' from command line to 'False'
[0.332s] Level 5:colcon.colcon_core.verb:set package 'bno055' build argument 'cmake_clean_first' from command line to 'False'
[0.332s] Level 5:colcon.colcon_core.verb:set package 'bno055' build argument 'cmake_force_configure' from command line to 'False'
[0.332s] Level 5:colcon.colcon_core.verb:set package 'bno055' build argument 'ament_cmake_args' from command line to 'None'
[0.332s] Level 5:colcon.colcon_core.verb:set package 'bno055' build argument 'catkin_cmake_args' from command line to 'None'
[0.332s] Level 5:colcon.colcon_core.verb:set package 'bno055' build argument 'catkin_skip_building_tests' from command line to 'False'
[0.332s] DEBUG:colcon.colcon_core.verb:Building package 'bno055' with the following arguments: {'ament_cmake_args': None, 'build_base': '/home/caelin/Github/jetson_car/jetsoncar_ros2_ws/build/bno055', 'catkin_cmake_args': None, 'catkin_skip_building_tests': False, 'cmake_args': None, 'cmake_clean_cache': False, 'cmake_clean_first': False, 'cmake_force_configure': False, 'cmake_target': None, 'cmake_target_skip_unavailable': False, 'install_base': '/home/caelin/Github/jetson_car/jetsoncar_ros2_ws/install/bno055', 'merge_install': False, 'path': '/home/caelin/Github/jetson_car/jetsoncar_ros2_ws/src/bno055', 'symlink_install': False, 'test_result_base': None}
[0.332s] INFO:colcon.colcon_core.executor:Executing jobs using 'parallel' executor
[0.335s] DEBUG:colcon.colcon_parallel_executor.executor.parallel:run_until_complete
[0.336s] INFO:colcon.colcon_ros.task.ament_cmake.build:Building ROS package in '/home/caelin/Github/jetson_car/jetsoncar_ros2_ws/src/bno055' with build type 'ament_cmake'
[0.341s] INFO:colcon.colcon_core.plugin_system:Skipping extension 'colcon_core.shell.bat': Not used on non-Windows systems
[0.341s] INFO:colcon.colcon_cmake.task.cmake.build:Building CMake package in '/home/caelin/Github/jetson_car/jetsoncar_ros2_ws/src/bno055'
[0.343s] INFO:colcon.colcon_core.shell:Skip shell extension 'powershell' for command environment: Not usable outside of PowerShell
[0.343s] DEBUG:colcon.colcon_core.shell:Skip shell extension 'dsv' for command environment
[0.352s] DEBUG:colcon.colcon_core.shell:Ignoring prefix path '/opt/ros/dashing'
[0.367s] DEBUG:colcon.colcon_core.event_handler.log_command:Invoking command in '/home/caelin/Github/jetson_car/jetsoncar_ros2_ws/build/bno055': CMAKE_PREFIX_PATH=/opt/ros/dashing /usr/bin/cmake /home/caelin/Github/jetson_car/jetsoncar_ros2_ws/src/bno055 -DCMAKE_INSTALL_PREFIX=/home/caelin/Github/jetson_car/jetsoncar_ros2_ws/install/bno055
[1.134s] DEBUG:colcon.colcon_core.event_handler.log_command:Invoked command in '/home/caelin/Github/jetson_car/jetsoncar_ros2_ws/build/bno055' returned '1': CMAKE_PREFIX_PATH=/opt/ros/dashing /usr/bin/cmake /home/caelin/Github/jetson_car/jetsoncar_ros2_ws/src/bno055 -DCMAKE_INSTALL_PREFIX=/home/caelin/Github/jetson_car/jetsoncar_ros2_ws/install/bno055
[1.144s] DEBUG:colcon.colcon_parallel_executor.executor.parallel:closing loop
[1.145s] DEBUG:colcon.colcon_parallel_executor.executor.parallel:loop closed
[1.145s] DEBUG:colcon.colcon_parallel_executor.executor.parallel:run_until_complete finished with '1'
[1.146s] DEBUG:colcon.colcon_core.event_reactor:joining thread
[1.158s] INFO:colcon.colcon_core.plugin_system:Skipping extension 'colcon_notification.desktop_notification.terminal_notifier': Not used on non-Darwin systems
[1.159s] INFO:colcon.colcon_core.plugin_system:Skipping extension 'colcon_notification.desktop_notification.win32': Not used on non-Windows systems
[1.159s] INFO:colcon.colcon_notification.desktop_notification:Sending desktop notification using 'notify2'
[1.165s] DEBUG:colcon.colcon_core.event_reactor:joined thread
[1.167s] INFO:colcon.colcon_core.shell:Creating prefix script '/home/caelin/Github/jetson_car/jetsoncar_ros2_ws/install/local_setup.ps1'
[1.170s] INFO:colcon.colcon_core.shell:Creating prefix util module '/home/caelin/Github/jetson_car/jetsoncar_ros2_ws/install/_local_setup_util_ps1.py'
[1.174s] INFO:colcon.colcon_core.shell:Creating prefix chain script '/home/caelin/Github/jetson_car/jetsoncar_ros2_ws/install/setup.ps1'
[1.181s] INFO:colcon.colcon_core.shell:Creating prefix script '/home/caelin/Github/jetson_car/jetsoncar_ros2_ws/install/local_setup.sh'
[1.183s] INFO:colcon.colcon_core.shell:Creating prefix util module '/home/caelin/Github/jetson_car/jetsoncar_ros2_ws/install/_local_setup_util_sh.py'
[1.184s] INFO:colcon.colcon_core.shell:Creating prefix chain script '/home/caelin/Github/jetson_car/jetsoncar_ros2_ws/install/setup.sh'
[1.189s] INFO:colcon.colcon_core.shell:Creating prefix script '/home/caelin/Github/jetson_car/jetsoncar_ros2_ws/install/local_setup.bash'
[1.191s] INFO:colcon.colcon_core.shell:Creating prefix chain script '/home/caelin/Github/jetson_car/jetsoncar_ros2_ws/install/setup.bash'
[1.198s] INFO:colcon.colcon_core.shell:Creating prefix script '/home/caelin/Github/jetson_car/jetsoncar_ros2_ws/install/local_setup.zsh'
[1.199s] INFO:colcon.colcon_core.shell:Creating prefix chain script '/home/caelin/Github/jetson_car/jetsoncar_ros2_ws/install/setup.zsh'
