CMake Error at /opt/ros/dashing/share/rosidl_adapter/cmake/rosidl_adapt_interfaces.cmake:60 (message):
  execute_process(/usr/bin/python3 -m rosidl_adapter --package-name bno055
  --arguments-file
  /home/caelin/Github/jetson_car/jetsoncar_ros2_ws/build/bno055/rosidl_adapter__arguments__new_msg.json
  --output-dir
  /home/caelin/Github/jetson_car/jetsoncar_ros2_ws/build/bno055/rosidl_adapter/bno055
  --output-file
  /home/caelin/Github/jetson_car/jetsoncar_ros2_ws/build/bno055/rosidl_adapter/new_msg.idls)
  returned error code 1:

  Error processing 'float64 tempC' of 'bno055/bno055_info': 'the field name
  'tempC' is not valid'

  Traceback (most recent call last):

    File "/usr/lib/python3.6/runpy.py", line 193, in _run_module_as_main
      "__main__", mod_spec)
    File "/usr/lib/python3.6/runpy.py", line 85, in _run_code
      exec(code, run_globals)
    File "/opt/ros/dashing/lib/python3.6/site-packages/rosidl_adapter/__main__.py", line 19, in <module>
      sys.exit(main())
    File "/opt/ros/dashing/lib/python3.6/site-packages/rosidl_adapter/main.py", line 55, in main
      pathlib.Path(relative_path), output_dir)
    File "/opt/ros/dashing/lib/python3.6/site-packages/rosidl_adapter/__init__.py", line 20, in convert_to_idl
      package_dir, package_name, interface_file, output_dir / 'msg')
    File "/opt/ros/dashing/lib/python3.6/site-packages/rosidl_adapter/msg/__init__.py", line 28, in convert_msg_to_idl
      msg = parse_message_string(package_name, input_file.stem, content)
    File "/opt/ros/dashing/lib/python3.6/site-packages/rosidl_adapter/parser.py", line 499, in parse_message_string
      field_name, default_value_string))
    File "/opt/ros/dashing/lib/python3.6/site-packages/rosidl_adapter/parser.py", line 340, in __init__
      raise NameError("the field name '%s' is not valid" % name)

  NameError: the field name 'tempC' is not valid

Call Stack (most recent call first):
  /opt/ros/dashing/share/rosidl_cmake/cmake/rosidl_generate_interfaces.cmake:130 (rosidl_adapt_interfaces)
  CMakeLists.txt:27 (rosidl_generate_interfaces)


