Invoking command in '/home/caelin/Github/jetson_car/jetsoncar_ros2_ws/build/bno055': /usr/bin/cmake /home/caelin/Github/jetson_car/jetsoncar_ros2_ws/src/bno055 -DCMAKE_INSTALL_PREFIX=/home/caelin/Github/jetson_car/jetsoncar_ros2_ws/install/bno055
-- Found ament_cmake: 0.7.3 (/opt/ros/dashing/share/ament_cmake/cmake)
-- Found PythonInterp: /usr/bin/python3 (found suitable version "3.6.8", minimum required is "3") 
-- Using PYTHON_EXECUTABLE: /usr/bin/python3
-- Found rclpy: 0.7.8 (/opt/ros/dashing/share/rclpy/cmake)
-- Found sensor_msgs: 0.7.0 (/opt/ros/dashing/share/sensor_msgs/cmake)
-- Found rosidl_adapter: 0.7.7 (/opt/ros/dashing/share/rosidl_adapter/cmake)
-- Found rosidl_default_generators: 0.7.0 (/opt/ros/dashing/share/rosidl_default_generators/cmake)
-- Found PythonInterp: /usr/bin/python3 (found version "3.6.8") 
Error parsing '/home/caelin/Github/jetson_car/jetsoncar_ros2_ws/src/bno055/package.xml':
Traceback (most recent call last):
  File "/opt/ros/dashing/share/ament_cmake_core/cmake/core/package_xml_2_cmake.py", line 143, in <module>
    main()
  File "/opt/ros/dashing/share/ament_cmake_core/cmake/core/package_xml_2_cmake.py", line 52, in main
    raise e
  File "/opt/ros/dashing/share/ament_cmake_core/cmake/core/package_xml_2_cmake.py", line 49, in main
    args.package_xml.read(), filename=args.package_xml.name)
  File "/usr/lib/python3/dist-packages/catkin_pkg/package.py", line 763, in parse_package_string
    raise InvalidPackage('Error(s):%s' % (''.join(['\n- %s' % e for e in errors])), filename)
catkin_pkg.package.InvalidPackage: Error(s) in package '/home/caelin/Github/jetson_car/jetsoncar_ros2_ws/src/bno055/package.xml':
Error(s):
- The manifest of package "bno055" (with format version 2) must not contain the following tags: member_of_group
CMake Error at /opt/ros/dashing/share/ament_cmake_core/cmake/core/ament_package_xml.cmake:94 (message):
  execute_process(/usr/bin/python3
  /opt/ros/dashing/share/ament_cmake_core/cmake/core/package_xml_2_cmake.py
  /home/caelin/Github/jetson_car/jetsoncar_ros2_ws/src/bno055/package.xml
  /home/caelin/Github/jetson_car/jetsoncar_ros2_ws/build/bno055/ament_cmake_core/package.cmake)
  returned error code 1
Call Stack (most recent call first):
  /opt/ros/dashing/share/ament_cmake_core/cmake/core/ament_package_xml.cmake:49 (_ament_package_xml)
  /opt/ros/dashing/share/rosidl_cmake/cmake/rosidl_generate_interfaces.cmake:226 (ament_package_xml)
  CMakeLists.txt:27 (rosidl_generate_interfaces)


-- Configuring incomplete, errors occurred!
See also "/home/caelin/Github/jetson_car/jetsoncar_ros2_ws/build/bno055/CMakeFiles/CMakeOutput.log".
Invoked command in '/home/caelin/Github/jetson_car/jetsoncar_ros2_ws/build/bno055' returned '1': /usr/bin/cmake /home/caelin/Github/jetson_car/jetsoncar_ros2_ws/src/bno055 -DCMAKE_INSTALL_PREFIX=/home/caelin/Github/jetson_car/jetsoncar_ros2_ws/install/bno055
